#
# A fatal error has been detected by the Java Runtime Environment:
#
#  EXCEPTION_ACCESS_VIOLATION (0xc0000005) at pc=0x0000000000000000, pid=12936, tid=14884
#
# JRE version: OpenJDK Runtime Environment (11.0.13) (build 11.0.13+0-b1751.21-8125866)
# Java VM: OpenJDK 64-Bit Server VM (11.0.13+0-b1751.21-8125866, mixed mode, tiered, compressed oops, g1 gc, windows-amd64)
# Problematic frame:
# C  0x0000000000000000
#
# No core dump will be written. Minidumps are not enabled by default on client versions of Windows
#
# If you would like to submit a bug report, please visit:
#   https://bugreport.java.com/bugreport/crash.jsp
#

---------------  S U M M A R Y ------------

Command Line: --add-opens=java.base/java.util=ALL-UNNAMED --add-opens=java.base/java.lang=ALL-UNNAMED --add-opens=java.base/java.lang.invoke=ALL-UNNAMED --add-opens=java.base/java.util=ALL-UNNAMED --add-opens=java.prefs/java.util.prefs=ALL-UNNAMED --add-opens=java.prefs/java.util.prefs=ALL-UNNAMED --add-opens=java.base/java.nio.charset=ALL-UNNAMED --add-opens=java.base/java.net=ALL-UNNAMED --add-opens=java.base/java.util.concurrent.atomic=ALL-UNNAMED -Xmx2048m -Dfile.encoding=UTF-8 -Duser.country=RU -Duser.language=ru -Duser.variant org.gradle.launcher.daemon.bootstrap.GradleDaemon 7.3.3

Host: AMD Ryzen 5 2600 Six-Core Processor            , 12 cores, 15G,  Windows 10 , 64 bit Build 19041 (10.0.19041.1889)
Time: Wed Oct 26 16:50:14 2022 RTZ 3 (зима) elapsed time: 4.462722 seconds (0d 0h 0m 4s)

---------------  T H R E A D  ---------------

Current thread (0x000002ce3941b800):  JavaThread "Daemon worker" [_thread_in_Java, id=14884, stack(0x000000f115a00000,0x000000f115b00000)]

Stack: [0x000000f115a00000,0x000000f115b00000],  sp=0x000000f115af45d0,  free space=977k
Native frames: (J=compiled Java code, j=interpreted, Vv=VM code, C=native code)


siginfo: EXCEPTION_ACCESS_VIOLATION (0xc0000005), data execution prevention violation at address 0x0000000000000000


Register to memory mapping:

RIP=0x0 is NULL
RAX=0x000000010005ef98 is a pointer to class: 
java.nio.file.attribute.BasicFileAttributes {0x000000010005efa0}
RBX=0x000002ce3ba585a0 is pointing into metadata
RCX={method} {0x000002ce36bc1468} 'lastModifiedTime' '()Ljava/nio/file/attribute/FileTime;' in 'java/nio/file/attribute/BasicFileAttributes'
RDX=0x000002ce36d80330 is pointing into metadata
RSP=0x000000f115af45d0 is pointing into the stack for thread: 0x000002ce3941b800
RBP=0x000000f115af4628 is pointing into the stack for thread: 0x000002ce3941b800
RSI=0x000000008fad8150 is an oop: java.util.zip.ZipFile$Source$Key 
{0x000000008fad8150} - klass: 'java/util/zip/ZipFile$Source$Key'
RDI=0x0000000000076bd0 is an unknown value
R8 =0x0000000082f246f0 is an oop: sun.nio.fs.NativeBuffer 
{0x0000000082f246f0} - klass: 'sun/nio/fs/NativeBuffer'
R9 =0x01d8e7ebeffe7391 is an unknown value
R10=0x00007ffaec415d60 jvm.dll
R11=0x0000000082f246b0 is an oop: [Lsun.nio.fs.NativeBuffer; 
{0x0000000082f246b0} - klass: 'sun/nio/fs/NativeBuffer'[]
 - length: 3
R12=0x0 is NULL
R13=0x000000f115af45d8 is pointing into the stack for thread: 0x000002ce3941b800
R14=0x0000000100262258 is pointing into metadata
R15=0x000002ce3941b800 is a thread


Registers:
RAX=0x000000010005ef98, RBX=0x000002ce3ba585a0, RCX=0x000002ce36bc1460, RDX=0x000002ce36d80330
RSP=0x000000f115af45d0, RBP=0x000000f115af4628, RSI=0x000000008fad8150, RDI=0x0000000000076bd0
R8 =0x0000000082f246f0, R9 =0x01d8e7ebeffe7391, R10=0x00007ffaec415d60, R11=0x0000000082f246b0
R12=0x0000000000000000, R13=0x000000f115af45d8, R14=0x0000000100262258, R15=0x000002ce3941b800
RIP=0x0000000000000000, EFLAGS=0x0000000000010297

Top of Stack: (sp=0x000000f115af45d0)
0x000000f115af45d0:   000002ce1f97a316 000000008fad83d0
0x000000f115af45e0:   000000f115af45e0 000002ce36ba15c4
0x000000f115af45f0:   000000f115af4648 000002ce36ba1798
0x000000f115af4600:   000002ce36d80330 00000000808f29d8
0x000000f115af4610:   000002ce36ba1600 000000f115af45d8
0x000000f115af4620:   000000f115af4650 000000f115af4b10
0x000000f115af4630:   000002ce2014a974 0000000000000000
0x000000f115af4640:   0000000000000000 000000008fad8150
0x000000f115af4650:   0000000000003000 0000000000002605
0x000000f115af4660:   0000000000000020 00008a5da9bec702
0x000000f115af4670:   0000000000000000 0000e9770166e8ff
0x000000f115af4680:   000000f115af49e0 00007ffb3d71a2c7
0x000000f115af4690:   000000000000000c 00000000ffffffff
0x000000f115af46a0:   000002ce19d60000 0000000080996d38
0x000000f115af46b0:   effe739100000020 6e4b697c01d8e7eb
0x000000f115af46c0:   000000f115af4b10 000002ce2014edec 

Instructions: (pc=0x0000000000000000)
0xffffffffffffff00:   


Stack slot to memory mapping:
stack at sp + 0 slots: 0x000002ce1f97a316 is at code_begin+1878 in an Interpreter codelet
invoke return entry points  [0x000002ce1f979bc0, 0x000002ce1f97a5a0]  2528 bytes
stack at sp + 1 slots: 0x000000008fad83d0 is an oop: sun.nio.fs.WindowsFileAttributes 
{0x000000008fad83d0} - klass: 'sun/nio/fs/WindowsFileAttributes'
stack at sp + 2 slots: 0x000000f115af45e0 is pointing into the stack for thread: 0x000002ce3941b800
stack at sp + 3 slots: 0x000002ce36ba15c4 is pointing into metadata
stack at sp + 4 slots: 0x000000f115af4648 is pointing into the stack for thread: 0x000002ce3941b800
stack at sp + 5 slots: 0x000002ce36ba1798 is pointing into metadata
stack at sp + 6 slots: 0x000002ce36d80330 is pointing into metadata
stack at sp + 7 slots: 0x00000000808f29d8 is an oop: java.lang.Class 
{0x00000000808f29d8} - klass: 'java/lang/Class'


---------------  P R O C E S S  ---------------

Threads class SMR info:
_java_thread_list=0x000002ce3adce210, length=45, elements={
0x000002ce1be5a000, 0x000002ce36fbb800, 0x000002ce36fc9000, 0x000002ce36fdd000,
0x000002ce36fdf000, 0x000002ce37024800, 0x000002ce3702e800, 0x000002ce3702f800,
0x000002ce3703d000, 0x000002ce371b6800, 0x000002ce37274800, 0x000002ce37273000,
0x000002ce392be800, 0x000002ce39b93800, 0x000002ce39dec000, 0x000002ce3a145800,
0x000002ce39b47800, 0x000002ce39d9e800, 0x000002ce3941b800, 0x000002ce37a78800,
0x000002ce3a738800, 0x000002ce39954000, 0x000002ce39c8c000, 0x000002ce39c8a800,
0x000002ce39c8b800, 0x000002ce39c89000, 0x000002ce39c87000, 0x000002ce39c8d000,
0x000002ce39c8e000, 0x000002ce39c88000, 0x000002ce39c89800, 0x000002ce3a521000,
0x000002ce3a524000, 0x000002ce3a51e800, 0x000002ce3a523800, 0x000002ce3a522000,
0x000002ce3a522800, 0x000002ce3a51f800, 0x000002ce3a525000, 0x000002ce3a526000,
0x000002ce3a520000, 0x000002ce3a527800, 0x000002ce3a52c800, 0x000002ce3a526800,
0x000002ce3a529000
}

Java Threads: ( => current thread )
  0x000002ce1be5a000 JavaThread "main" [_thread_blocked, id=16900, stack(0x000000f113c00000,0x000000f113d00000)]
  0x000002ce36fbb800 JavaThread "Reference Handler" daemon [_thread_blocked, id=17124, stack(0x000000f114300000,0x000000f114400000)]
  0x000002ce36fc9000 JavaThread "Finalizer" daemon [_thread_blocked, id=7872, stack(0x000000f114400000,0x000000f114500000)]
  0x000002ce36fdd000 JavaThread "Signal Dispatcher" daemon [_thread_blocked, id=18092, stack(0x000000f114500000,0x000000f114600000)]
  0x000002ce36fdf000 JavaThread "Attach Listener" daemon [_thread_blocked, id=7432, stack(0x000000f114600000,0x000000f114700000)]
  0x000002ce37024800 JavaThread "Service Thread" daemon [_thread_blocked, id=4272, stack(0x000000f114700000,0x000000f114800000)]
  0x000002ce3702e800 JavaThread "C2 CompilerThread0" daemon [_thread_in_native, id=11440, stack(0x000000f114800000,0x000000f114900000)]
  0x000002ce3702f800 JavaThread "C1 CompilerThread0" daemon [_thread_blocked, id=3920, stack(0x000000f114900000,0x000000f114a00000)]
  0x000002ce3703d000 JavaThread "Sweeper thread" daemon [_thread_blocked, id=17616, stack(0x000000f114a00000,0x000000f114b00000)]
  0x000002ce371b6800 JavaThread "Common-Cleaner" daemon [_thread_blocked, id=10448, stack(0x000000f114b00000,0x000000f114c00000)]
  0x000002ce37274800 JavaThread "C2 CompilerThread1" daemon [_thread_in_native, id=11248, stack(0x000000f114d00000,0x000000f114e00000)]
  0x000002ce37273000 JavaThread "C2 CompilerThread2" daemon [_thread_in_native, id=6864, stack(0x000000f114e00000,0x000000f114f00000)]
  0x000002ce392be800 JavaThread "Daemon health stats" [_thread_blocked, id=3236, stack(0x000000f115400000,0x000000f115500000)]
  0x000002ce39b93800 JavaThread "Incoming local TCP Connector on port 51666" [_thread_in_native, id=17080, stack(0x000000f115500000,0x000000f115600000)]
  0x000002ce39dec000 JavaThread "Daemon periodic checks" [_thread_blocked, id=7392, stack(0x000000f115600000,0x000000f115700000)]
  0x000002ce3a145800 JavaThread "Daemon" [_thread_blocked, id=2812, stack(0x000000f115700000,0x000000f115800000)]
  0x000002ce39b47800 JavaThread "Handler for socket connection from /127.0.0.1:51666 to /127.0.0.1:51667" [_thread_in_native, id=12668, stack(0x000000f115800000,0x000000f115900000)]
  0x000002ce39d9e800 JavaThread "Cancel handler" [_thread_blocked, id=14136, stack(0x000000f115900000,0x000000f115a00000)]
=>0x000002ce3941b800 JavaThread "Daemon worker" [_thread_in_Java, id=14884, stack(0x000000f115a00000,0x000000f115b00000)]
  0x000002ce37a78800 JavaThread "Asynchronous log dispatcher for DefaultDaemonConnection: socket connection from /127.0.0.1:51666 to /127.0.0.1:51667" [_thread_blocked, id=19236, stack(0x000000f115b00000,0x000000f115c00000)]
  0x000002ce3a738800 JavaThread "Stdin handler" [_thread_blocked, id=19376, stack(0x000000f115c00000,0x000000f115d00000)]
  0x000002ce39954000 JavaThread "Daemon client event forwarder" [_thread_blocked, id=5364, stack(0x000000f115d00000,0x000000f115e00000)]
  0x000002ce39c8c000 JavaThread "Cache worker for journal cache (C:\Users\masha\.gradle\caches\journal-1)" [_thread_blocked, id=10516, stack(0x000000f115e00000,0x000000f115f00000)]
  0x000002ce39c8a800 JavaThread "File lock request listener" [_thread_in_native, id=8596, stack(0x000000f115f00000,0x000000f116000000)]
  0x000002ce39c8b800 JavaThread "Cache worker for file hash cache (C:\Users\masha\.gradle\caches\7.3.3\fileHashes)" [_thread_blocked, id=5604, stack(0x000000f116600000,0x000000f116700000)]
  0x000002ce39c89000 JavaThread "Cache worker for file hash cache (D:\Android_projects\sitecTestApp\.gradle\7.3.3\fileHashes)" [_thread_blocked, id=14924, stack(0x000000f116700000,0x000000f116800000)]
  0x000002ce39c87000 JavaThread "File watcher server" daemon [_thread_in_native, id=13832, stack(0x000000f116800000,0x000000f116900000)]
  0x000002ce39c8d000 JavaThread "File watcher consumer" daemon [_thread_blocked, id=16860, stack(0x000000f116900000,0x000000f116a00000)]
  0x000002ce39c8e000 JavaThread "jar transforms" [_thread_blocked, id=17724, stack(0x000000f116a00000,0x000000f116b00000)]
  0x000002ce39c88000 JavaThread "jar transforms Thread 2" [_thread_blocked, id=2124, stack(0x000000f116b00000,0x000000f116c00000)]
  0x000002ce39c89800 JavaThread "jar transforms Thread 3" [_thread_blocked, id=15608, stack(0x000000f116c00000,0x000000f116d00000)]
  0x000002ce3a521000 JavaThread "jar transforms Thread 4" [_thread_blocked, id=4104, stack(0x000000f116d00000,0x000000f116e00000)]
  0x000002ce3a524000 JavaThread "jar transforms Thread 5" [_thread_blocked, id=7224, stack(0x000000f116e00000,0x000000f116f00000)]
  0x000002ce3a51e800 JavaThread "jar transforms Thread 6" [_thread_blocked, id=17236, stack(0x000000f116f00000,0x000000f117000000)]
  0x000002ce3a523800 JavaThread "jar transforms Thread 7" [_thread_blocked, id=17508, stack(0x000000f117000000,0x000000f117100000)]
  0x000002ce3a522000 JavaThread "jar transforms Thread 8" [_thread_blocked, id=5692, stack(0x000000f117100000,0x000000f117200000)]
  0x000002ce3a522800 JavaThread "jar transforms Thread 9" [_thread_blocked, id=9156, stack(0x000000f117200000,0x000000f117300000)]
  0x000002ce3a51f800 JavaThread "jar transforms Thread 10" [_thread_blocked, id=17496, stack(0x000000f117300000,0x000000f117400000)]
  0x000002ce3a525000 JavaThread "jar transforms Thread 11" [_thread_blocked, id=15776, stack(0x000000f117400000,0x000000f117500000)]
  0x000002ce3a526000 JavaThread "jar transforms Thread 12" [_thread_blocked, id=6508, stack(0x000000f117500000,0x000000f117600000)]
  0x000002ce3a520000 JavaThread "Cache worker for checksums cache (D:\Android_projects\sitecTestApp\.gradle\7.3.3\checksums)" [_thread_blocked, id=6472, stack(0x000000f117600000,0x000000f117700000)]
  0x000002ce3a527800 JavaThread "Cache worker for cache directory md-supplier (C:\Users\masha\.gradle\caches\7.3.3\md-supplier)" [_thread_blocked, id=15780, stack(0x000000f117700000,0x000000f117800000)]
  0x000002ce3a52c800 JavaThread "Cache worker for cache directory md-rule (C:\Users\masha\.gradle\caches\7.3.3\md-rule)" [_thread_blocked, id=16632, stack(0x000000f117800000,0x000000f117900000)]
  0x000002ce3a526800 JavaThread "Cache worker for execution history cache (C:\Users\masha\.gradle\caches\7.3.3\executionHistory)" [_thread_blocked, id=13012, stack(0x000000f117900000,0x000000f117a00000)]
  0x000002ce3a529000 JavaThread "Cache worker for file content cache (C:\Users\masha\.gradle\caches\7.3.3\fileContent)" [_thread_blocked, id=12120, stack(0x000000f117a00000,0x000000f117b00000)]

Other Threads:
  0x000002ce36fb6800 VMThread "VM Thread" [stack: 0x000000f114200000,0x000000f114300000] [id=18976]
  0x000002ce371ec800 WatcherThread [stack: 0x000000f114c00000,0x000000f114d00000] [id=18088]
  0x000002ce1be74000 GCTaskThread "GC Thread#0" [stack: 0x000000f113d00000,0x000000f113e00000] [id=5024]
  0x000002ce38022000 GCTaskThread "GC Thread#1" [stack: 0x000000f114f00000,0x000000f115000000] [id=16940]
  0x000002ce3757c000 GCTaskThread "GC Thread#2" [stack: 0x000000f115000000,0x000000f115100000] [id=12100]
  0x000002ce382f1800 GCTaskThread "GC Thread#3" [stack: 0x000000f115100000,0x000000f115200000] [id=7508]
  0x000002ce37ea9000 GCTaskThread "GC Thread#4" [stack: 0x000000f115200000,0x000000f115300000] [id=17964]
  0x000002ce37f2b000 GCTaskThread "GC Thread#5" [stack: 0x000000f115300000,0x000000f115400000] [id=17064]
  0x000002ce3a204000 GCTaskThread "GC Thread#6" [stack: 0x000000f116000000,0x000000f116100000] [id=13868]
  0x000002ce38446000 GCTaskThread "GC Thread#7" [stack: 0x000000f116100000,0x000000f116200000] [id=2752]
  0x000002ce38882800 GCTaskThread "GC Thread#8" [stack: 0x000000f116200000,0x000000f116300000] [id=17392]
  0x000002ce37c79800 GCTaskThread "GC Thread#9" [stack: 0x000000f116300000,0x000000f116400000] [id=17304]
  0x000002ce1bea5000 ConcurrentGCThread "G1 Main Marker" [stack: 0x000000f113e00000,0x000000f113f00000] [id=3052]
  0x000002ce1bea7000 ConcurrentGCThread "G1 Conc#0" [stack: 0x000000f113f00000,0x000000f114000000] [id=1440]
  0x000002ce3974a800 ConcurrentGCThread "G1 Conc#1" [stack: 0x000000f116400000,0x000000f116500000] [id=9656]
  0x000002ce37fbf000 ConcurrentGCThread "G1 Conc#2" [stack: 0x000000f116500000,0x000000f116600000] [id=17004]
  0x000002ce365ff800 ConcurrentGCThread "G1 Refine#0" [stack: 0x000000f114000000,0x000000f114100000] [id=13924]
  0x000002ce3af5c800 ConcurrentGCThread "G1 Refine#1" [stack: 0x000000f117b00000,0x000000f117c00000] [id=2012]
  0x000002ce3e1e3800 ConcurrentGCThread "G1 Refine#2" [stack: 0x000000f117c00000,0x000000f117d00000] [id=1360]
  0x000002ce36602800 ConcurrentGCThread "G1 Young RemSet Sampling" [stack: 0x000000f114100000,0x000000f114200000] [id=16004]

Threads with active compile tasks:
C2 CompilerThread0   4483 3995       4       java.net.URLClassLoader$1::run (5 bytes)
C2 CompilerThread1   4483 3997   !   4       java.net.URLClassLoader$1::run (81 bytes)
C2 CompilerThread2   4483 4047       4       groovy.lang.MetaClassImpl$1MOPIter::methodNameAction (325 bytes)

VM state:not at safepoint (normal execution)

VM Mutex/Monitor currently owned by a thread: None

Heap address: 0x0000000080000000, size: 2048 MB, Compressed Oops mode: 32-bit
Narrow klass base: 0x0000000000000000, Narrow klass shift: 3
Compressed class space size: 1073741824 Address: 0x0000000100000000

Heap:
 garbage-first heap   total 262144K, used 68465K [0x0000000080000000, 0x0000000100000000)
  region size 1024K, 22 young (22528K), 15 survivors (15360K)
 Metaspace       used 46094K, capacity 47263K, committed 47356K, reserved 1091584K
  class space    used 5776K, capacity 6201K, committed 6220K, reserved 1048576K
Heap Regions: E=young(eden), S=young(survivor), O=old, HS=humongous(starts), HC=humongous(continues), CS=collection set, F=free, A=archive, TAMS=top-at-mark-start (previous, next)
|   0|0x0000000080000000, 0x0000000080100000, 0x0000000080100000|100%| O|  |TAMS 0x0000000080100000, 0x0000000080000000| Untracked 
|   1|0x0000000080100000, 0x0000000080200000, 0x0000000080200000|100%| O|  |TAMS 0x0000000080200000, 0x0000000080100000| Untracked 
|   2|0x0000000080200000, 0x0000000080300000, 0x0000000080300000|100%| O|  |TAMS 0x0000000080300000, 0x0000000080200000| Untracked 
|   3|0x0000000080300000, 0x0000000080400000, 0x0000000080400000|100%|HS|  |TAMS 0x0000000080400000, 0x0000000080300000| Complete 
|   4|0x0000000080400000, 0x0000000080500000, 0x0000000080500000|100%|HC|  |TAMS 0x0000000080500000, 0x0000000080400000| Complete 
|   5|0x0000000080500000, 0x0000000080600000, 0x0000000080600000|100%|HC|  |TAMS 0x0000000080600000, 0x0000000080500000| Complete 
|   6|0x0000000080600000, 0x0000000080700000, 0x0000000080700000|100%| O|  |TAMS 0x0000000080700000, 0x0000000080600000| Untracked 
|   7|0x0000000080700000, 0x0000000080800000, 0x0000000080800000|100%| O|  |TAMS 0x0000000080800000, 0x0000000080700000| Untracked 
|   8|0x0000000080800000, 0x0000000080900000, 0x0000000080900000|100%| O|  |TAMS 0x0000000080900000, 0x0000000080800000| Untracked 
|   9|0x0000000080900000, 0x0000000080a00000, 0x0000000080a00000|100%| O|  |TAMS 0x0000000080a00000, 0x0000000080900000| Untracked 
|  10|0x0000000080a00000, 0x0000000080b00000, 0x0000000080b00000|100%| O|  |TAMS 0x0000000080b00000, 0x0000000080a00000| Untracked 
|  11|0x0000000080b00000, 0x0000000080c00000, 0x0000000080c00000|100%| O|  |TAMS 0x0000000080c00000, 0x0000000080b00000| Untracked 
|  12|0x0000000080c00000, 0x0000000080d00000, 0x0000000080d00000|100%| O|  |TAMS 0x0000000080d00000, 0x0000000080c00000| Untracked 
|  13|0x0000000080d00000, 0x0000000080e00000, 0x0000000080e00000|100%| O|  |TAMS 0x0000000080e00000, 0x0000000080d00000| Untracked 
|  14|0x0000000080e00000, 0x0000000080f00000, 0x0000000080f00000|100%| O|  |TAMS 0x0000000080f00000, 0x0000000080e00000| Untracked 
|  15|0x0000000080f00000, 0x0000000081000000, 0x0000000081000000|100%| O|  |TAMS 0x0000000081000000, 0x0000000080f00000| Untracked 
|  16|0x0000000081000000, 0x0000000081100000, 0x0000000081100000|100%| O|  |TAMS 0x000000008105b200, 0x0000000081000000| Untracked 
|  17|0x0000000081100000, 0x0000000081200000, 0x0000000081200000|100%|HS|  |TAMS 0x0000000081200000, 0x0000000081100000| Complete 
|  18|0x0000000081200000, 0x0000000081300000, 0x0000000081300000|100%|HC|  |TAMS 0x0000000081300000, 0x0000000081200000| Complete 
|  19|0x0000000081300000, 0x0000000081400000, 0x0000000081400000|100%|HS|  |TAMS 0x0000000081400000, 0x0000000081300000| Complete 
|  20|0x0000000081400000, 0x0000000081500000, 0x0000000081500000|100%|HC|  |TAMS 0x0000000081500000, 0x0000000081400000| Complete 
|  21|0x0000000081500000, 0x0000000081600000, 0x0000000081600000|100%|HC|  |TAMS 0x0000000081600000, 0x0000000081500000| Complete 
|  22|0x0000000081600000, 0x0000000081700000, 0x0000000081700000|100%|HS|  |TAMS 0x0000000081700000, 0x0000000081600000| Complete 
|  23|0x0000000081700000, 0x0000000081800000, 0x0000000081800000|100%|HC|  |TAMS 0x0000000081800000, 0x0000000081700000| Complete 
|  24|0x0000000081800000, 0x0000000081900000, 0x0000000081900000|100%|HC|  |TAMS 0x0000000081900000, 0x0000000081800000| Complete 
|  25|0x0000000081900000, 0x0000000081a00000, 0x0000000081a00000|100%|HS|  |TAMS 0x0000000081a00000, 0x0000000081900000| Complete 
|  26|0x0000000081a00000, 0x0000000081b00000, 0x0000000081b00000|100%|HC|  |TAMS 0x0000000081b00000, 0x0000000081a00000| Complete 
|  27|0x0000000081b00000, 0x0000000081c00000, 0x0000000081c00000|100%|HC|  |TAMS 0x0000000081c00000, 0x0000000081b00000| Complete 
|  28|0x0000000081c00000, 0x0000000081d00000, 0x0000000081d00000|100%|HC|  |TAMS 0x0000000081d00000, 0x0000000081c00000| Complete 
|  29|0x0000000081d00000, 0x0000000081e00000, 0x0000000081e00000|100%|HC|  |TAMS 0x0000000081e00000, 0x0000000081d00000| Complete 
|  30|0x0000000081e00000, 0x0000000081f00000, 0x0000000081f00000|100%|HS|  |TAMS 0x0000000081f00000, 0x0000000081e00000| Complete 
|  31|0x0000000081f00000, 0x0000000081f00000, 0x0000000082000000|  0%| F|  |TAMS 0x0000000081f00000, 0x0000000081f00000| Untracked 
|  32|0x0000000082000000, 0x0000000082000000, 0x0000000082100000|  0%| F|  |TAMS 0x0000000082000000, 0x0000000082000000| Untracked 
|  33|0x0000000082100000, 0x0000000082100000, 0x0000000082200000|  0%| F|  |TAMS 0x0000000082100000, 0x0000000082100000| Untracked 
|  34|0x0000000082200000, 0x0000000082300000, 0x0000000082300000|100%|HS|  |TAMS 0x0000000082200000, 0x0000000082200000| Complete 
|  35|0x0000000082300000, 0x0000000082400000, 0x0000000082400000|100%|HC|  |TAMS 0x0000000082300000, 0x0000000082300000| Complete 
|  36|0x0000000082400000, 0x0000000082500000, 0x0000000082500000|100%|HC|  |TAMS 0x0000000082400000, 0x0000000082400000| Complete 
|  37|0x0000000082500000, 0x0000000082600000, 0x0000000082600000|100%|HS|  |TAMS 0x0000000082500000, 0x0000000082500000| Complete 
|  38|0x0000000082600000, 0x0000000082700000, 0x0000000082700000|100%|HC|  |TAMS 0x0000000082600000, 0x0000000082600000| Complete 
|  39|0x0000000082700000, 0x0000000082800000, 0x0000000082800000|100%|HS|  |TAMS 0x0000000082700000, 0x0000000082700000| Complete 
|  40|0x0000000082800000, 0x0000000082900000, 0x0000000082900000|100%|HC|  |TAMS 0x0000000082800000, 0x0000000082800000| Complete 
|  41|0x0000000082900000, 0x0000000082a00000, 0x0000000082a00000|100%|HC|  |TAMS 0x0000000082900000, 0x0000000082900000| Complete 
|  42|0x0000000082a00000, 0x0000000082b00000, 0x0000000082b00000|100%|HC|  |TAMS 0x0000000082a00000, 0x0000000082a00000| Complete 
|  43|0x0000000082b00000, 0x0000000082c00000, 0x0000000082c00000|100%|HS|  |TAMS 0x0000000082b00000, 0x0000000082b00000| Complete 
|  44|0x0000000082c00000, 0x0000000082d00000, 0x0000000082d00000|100%|HC|  |TAMS 0x0000000082c00000, 0x0000000082c00000| Complete 
|  45|0x0000000082d00000, 0x0000000082e00000, 0x0000000082e00000|100%|HC|  |TAMS 0x0000000082d00000, 0x0000000082d00000| Complete 
|  46|0x0000000082e00000, 0x0000000082e00000, 0x0000000082f00000|  0%| F|  |TAMS 0x0000000082e00000, 0x0000000082e00000| Untracked 
|  47|0x0000000082f00000, 0x0000000083000000, 0x0000000083000000|100%| O|  |TAMS 0x0000000082f00000, 0x0000000082f00000| Untracked 
|  48|0x0000000083000000, 0x0000000083100000, 0x0000000083100000|100%| O|  |TAMS 0x0000000083000000, 0x0000000083000000| Untracked 
|  49|0x0000000083100000, 0x00000000831dc400, 0x0000000083200000| 86%| O|  |TAMS 0x0000000083100000, 0x0000000083100000| Untracked 
|  50|0x0000000083200000, 0x0000000083200000, 0x0000000083300000|  0%| F|  |TAMS 0x0000000083200000, 0x0000000083200000| Untracked 
|  51|0x0000000083300000, 0x0000000083300000, 0x0000000083400000|  0%| F|  |TAMS 0x0000000083300000, 0x0000000083300000| Untracked 
|  52|0x0000000083400000, 0x0000000083400000, 0x0000000083500000|  0%| F|  |TAMS 0x0000000083400000, 0x0000000083400000| Untracked 
|  53|0x0000000083500000, 0x0000000083500000, 0x0000000083600000|  0%| F|  |TAMS 0x0000000083500000, 0x0000000083500000| Untracked 
|  54|0x0000000083600000, 0x0000000083600000, 0x0000000083700000|  0%| F|  |TAMS 0x0000000083600000, 0x0000000083600000| Untracked 
|  55|0x0000000083700000, 0x0000000083700000, 0x0000000083800000|  0%| F|  |TAMS 0x0000000083700000, 0x0000000083700000| Untracked 
|  56|0x0000000083800000, 0x0000000083800000, 0x0000000083900000|  0%| F|  |TAMS 0x0000000083800000, 0x0000000083800000| Untracked 
|  57|0x0000000083900000, 0x0000000083900000, 0x0000000083a00000|  0%| F|  |TAMS 0x0000000083900000, 0x0000000083900000| Untracked 
|  58|0x0000000083a00000, 0x0000000083a00000, 0x0000000083b00000|  0%| F|  |TAMS 0x0000000083a00000, 0x0000000083a00000| Untracked 
|  59|0x0000000083b00000, 0x0000000083b00000, 0x0000000083c00000|  0%| F|  |TAMS 0x0000000083b00000, 0x0000000083b00000| Untracked 
|  60|0x0000000083c00000, 0x0000000083c00000, 0x0000000083d00000|  0%| F|  |TAMS 0x0000000083c00000, 0x0000000083c00000| Untracked 
|  61|0x0000000083d00000, 0x0000000083d00000, 0x0000000083e00000|  0%| F|  |TAMS 0x0000000083d00000, 0x0000000083d00000| Untracked 
|  62|0x0000000083e00000, 0x0000000083e00000, 0x0000000083f00000|  0%| F|  |TAMS 0x0000000083e00000, 0x0000000083e00000| Untracked 
|  63|0x0000000083f00000, 0x0000000083f00000, 0x0000000084000000|  0%| F|  |TAMS 0x0000000083f00000, 0x0000000083f00000| Untracked 
|  64|0x0000000084000000, 0x0000000084000000, 0x0000000084100000|  0%| F|  |TAMS 0x0000000084000000, 0x0000000084000000| Untracked 
|  65|0x0000000084100000, 0x0000000084100000, 0x0000000084200000|  0%| F|  |TAMS 0x0000000084100000, 0x0000000084100000| Untracked 
|  66|0x0000000084200000, 0x0000000084200000, 0x0000000084300000|  0%| F|  |TAMS 0x0000000084200000, 0x0000000084200000| Untracked 
|  67|0x0000000084300000, 0x0000000084300000, 0x0000000084400000|  0%| F|  |TAMS 0x0000000084300000, 0x0000000084300000| Untracked 
|  68|0x0000000084400000, 0x0000000084400000, 0x0000000084500000|  0%| F|  |TAMS 0x0000000084400000, 0x0000000084400000| Untracked 
|  69|0x0000000084500000, 0x0000000084500000, 0x0000000084600000|  0%| F|  |TAMS 0x0000000084500000, 0x0000000084500000| Untracked 
|  70|0x0000000084600000, 0x0000000084600000, 0x0000000084700000|  0%| F|  |TAMS 0x0000000084600000, 0x0000000084600000| Untracked 
|  71|0x0000000084700000, 0x0000000084700000, 0x0000000084800000|  0%| F|  |TAMS 0x0000000084700000, 0x0000000084700000| Untracked 
|  72|0x0000000084800000, 0x0000000084800000, 0x0000000084900000|  0%| F|  |TAMS 0x0000000084800000, 0x0000000084800000| Untracked 
|  73|0x0000000084900000, 0x0000000084900000, 0x0000000084a00000|  0%| F|  |TAMS 0x0000000084900000, 0x0000000084900000| Untracked 
|  74|0x0000000084a00000, 0x0000000084a00000, 0x0000000084b00000|  0%| F|  |TAMS 0x0000000084a00000, 0x0000000084a00000| Untracked 
|  75|0x0000000084b00000, 0x0000000084b00000, 0x0000000084c00000|  0%| F|  |TAMS 0x0000000084b00000, 0x0000000084b00000| Untracked 
|  76|0x0000000084c00000, 0x0000000084c00000, 0x0000000084d00000|  0%| F|  |TAMS 0x0000000084c00000, 0x0000000084c00000| Untracked 
|  77|0x0000000084d00000, 0x0000000084d00000, 0x0000000084e00000|  0%| F|  |TAMS 0x0000000084d00000, 0x0000000084d00000| Untracked 
|  78|0x0000000084e00000, 0x0000000084e00000, 0x0000000084f00000|  0%| F|  |TAMS 0x0000000084e00000, 0x0000000084e00000| Untracked 
|  79|0x0000000084f00000, 0x0000000084f00000, 0x0000000085000000|  0%| F|  |TAMS 0x0000000084f00000, 0x0000000084f00000| Untracked 
|  80|0x0000000085000000, 0x0000000085000000, 0x0000000085100000|  0%| F|  |TAMS 0x0000000085000000, 0x0000000085000000| Untracked 
|  81|0x0000000085100000, 0x0000000085100000, 0x0000000085200000|  0%| F|  |TAMS 0x0000000085100000, 0x0000000085100000| Untracked 
|  82|0x0000000085200000, 0x0000000085200000, 0x0000000085300000|  0%| F|  |TAMS 0x0000000085200000, 0x0000000085200000| Untracked 
|  83|0x0000000085300000, 0x0000000085300000, 0x0000000085400000|  0%| F|  |TAMS 0x0000000085300000, 0x0000000085300000| Untracked 
|  84|0x0000000085400000, 0x0000000085400000, 0x0000000085500000|  0%| F|  |TAMS 0x0000000085400000, 0x0000000085400000| Untracked 
|  85|0x0000000085500000, 0x0000000085500000, 0x0000000085600000|  0%| F|  |TAMS 0x0000000085500000, 0x0000000085500000| Untracked 
|  86|0x0000000085600000, 0x0000000085600000, 0x0000000085700000|  0%| F|  |TAMS 0x0000000085600000, 0x0000000085600000| Untracked 
|  87|0x0000000085700000, 0x0000000085700000, 0x0000000085800000|  0%| F|  |TAMS 0x0000000085700000, 0x0000000085700000| Untracked 
|  88|0x0000000085800000, 0x0000000085800000, 0x0000000085900000|  0%| F|  |TAMS 0x0000000085800000, 0x0000000085800000| Untracked 
|  89|0x0000000085900000, 0x0000000085900000, 0x0000000085a00000|  0%| F|  |TAMS 0x0000000085900000, 0x0000000085900000| Untracked 
|  90|0x0000000085a00000, 0x0000000085a00000, 0x0000000085b00000|  0%| F|  |TAMS 0x0000000085a00000, 0x0000000085a00000| Untracked 
|  91|0x0000000085b00000, 0x0000000085b00000, 0x0000000085c00000|  0%| F|  |TAMS 0x0000000085b00000, 0x0000000085b00000| Untracked 
|  92|0x0000000085c00000, 0x0000000085c00000, 0x0000000085d00000|  0%| F|  |TAMS 0x0000000085c00000, 0x0000000085c00000| Untracked 
|  93|0x0000000085d00000, 0x0000000085d00000, 0x0000000085e00000|  0%| F|  |TAMS 0x0000000085d00000, 0x0000000085d00000| Untracked 
|  94|0x0000000085e00000, 0x0000000085e00000, 0x0000000085f00000|  0%| F|  |TAMS 0x0000000085e00000, 0x0000000085e00000| Untracked 
|  95|0x0000000085f00000, 0x0000000085f00000, 0x0000000086000000|  0%| F|  |TAMS 0x0000000085f00000, 0x0000000085f00000| Untracked 
|  96|0x0000000086000000, 0x0000000086000000, 0x0000000086100000|  0%| F|  |TAMS 0x0000000086000000, 0x0000000086000000| Untracked 
|  97|0x0000000086100000, 0x0000000086100000, 0x0000000086200000|  0%| F|  |TAMS 0x0000000086100000, 0x0000000086100000| Untracked 
|  98|0x0000000086200000, 0x0000000086200000, 0x0000000086300000|  0%| F|  |TAMS 0x0000000086200000, 0x0000000086200000| Untracked 
|  99|0x0000000086300000, 0x0000000086300000, 0x0000000086400000|  0%| F|  |TAMS 0x0000000086300000, 0x0000000086300000| Untracked 
| 100|0x0000000086400000, 0x0000000086400000, 0x0000000086500000|  0%| F|  |TAMS 0x0000000086400000, 0x0000000086400000| Untracked 
| 101|0x0000000086500000, 0x0000000086500000, 0x0000000086600000|  0%| F|  |TAMS 0x0000000086500000, 0x0000000086500000| Untracked 
| 102|0x0000000086600000, 0x0000000086600000, 0x0000000086700000|  0%| F|  |TAMS 0x0000000086600000, 0x0000000086600000| Untracked 
| 103|0x0000000086700000, 0x0000000086700000, 0x0000000086800000|  0%| F|  |TAMS 0x0000000086700000, 0x0000000086700000| Untracked 
| 104|0x0000000086800000, 0x0000000086800000, 0x0000000086900000|  0%| F|  |TAMS 0x0000000086800000, 0x0000000086800000| Untracked 
| 105|0x0000000086900000, 0x0000000086900000, 0x0000000086a00000|  0%| F|  |TAMS 0x0000000086900000, 0x0000000086900000| Untracked 
| 106|0x0000000086a00000, 0x0000000086a00000, 0x0000000086b00000|  0%| F|  |TAMS 0x0000000086a00000, 0x0000000086a00000| Untracked 
| 107|0x0000000086b00000, 0x0000000086b00000, 0x0000000086c00000|  0%| F|  |TAMS 0x0000000086b00000, 0x0000000086b00000| Untracked 
| 108|0x0000000086c00000, 0x0000000086c00000, 0x0000000086d00000|  0%| F|  |TAMS 0x0000000086c00000, 0x0000000086c00000| Untracked 
| 109|0x0000000086d00000, 0x0000000086d00000, 0x0000000086e00000|  0%| F|  |TAMS 0x0000000086d00000, 0x0000000086d00000| Untracked 
| 110|0x0000000086e00000, 0x0000000086e00000, 0x0000000086f00000|  0%| F|  |TAMS 0x0000000086e00000, 0x0000000086e00000| Untracked 
| 111|0x0000000086f00000, 0x0000000086f00000, 0x0000000087000000|  0%| F|  |TAMS 0x0000000086f00000, 0x0000000086f00000| Untracked 
| 112|0x0000000087000000, 0x0000000087000000, 0x0000000087100000|  0%| F|  |TAMS 0x0000000087000000, 0x0000000087000000| Untracked 
| 113|0x0000000087100000, 0x0000000087100000, 0x0000000087200000|  0%| F|  |TAMS 0x0000000087100000, 0x0000000087100000| Untracked 
| 114|0x0000000087200000, 0x0000000087200000, 0x0000000087300000|  0%| F|  |TAMS 0x0000000087200000, 0x0000000087200000| Untracked 
| 115|0x0000000087300000, 0x0000000087300000, 0x0000000087400000|  0%| F|  |TAMS 0x0000000087300000, 0x0000000087300000| Untracked 
| 116|0x0000000087400000, 0x0000000087400000, 0x0000000087500000|  0%| F|  |TAMS 0x0000000087400000, 0x0000000087400000| Untracked 
| 117|0x0000000087500000, 0x0000000087500000, 0x0000000087600000|  0%| F|  |TAMS 0x0000000087500000, 0x0000000087500000| Untracked 
| 118|0x0000000087600000, 0x0000000087600000, 0x0000000087700000|  0%| F|  |TAMS 0x0000000087600000, 0x0000000087600000| Untracked 
| 119|0x0000000087700000, 0x0000000087700000, 0x0000000087800000|  0%| F|  |TAMS 0x0000000087700000, 0x0000000087700000| Untracked 
| 120|0x0000000087800000, 0x0000000087800000, 0x0000000087900000|  0%| F|  |TAMS 0x0000000087800000, 0x0000000087800000| Untracked 
| 121|0x0000000087900000, 0x0000000087900000, 0x0000000087a00000|  0%| F|  |TAMS 0x0000000087900000, 0x0000000087900000| Untracked 
| 122|0x0000000087a00000, 0x0000000087a00000, 0x0000000087b00000|  0%| F|  |TAMS 0x0000000087a00000, 0x0000000087a00000| Untracked 
| 123|0x0000000087b00000, 0x0000000087b00000, 0x0000000087c00000|  0%| F|  |TAMS 0x0000000087b00000, 0x0000000087b00000| Untracked 
| 124|0x0000000087c00000, 0x0000000087c00000, 0x0000000087d00000|  0%| F|  |TAMS 0x0000000087c00000, 0x0000000087c00000| Untracked 
| 125|0x0000000087d00000, 0x0000000087e00000, 0x0000000087e00000|100%| S|CS|TAMS 0x0000000087d00000, 0x0000000087d00000| Complete 
| 126|0x0000000087e00000, 0x0000000087f00000, 0x0000000087f00000|100%| S|CS|TAMS 0x0000000087e00000, 0x0000000087e00000| Complete 
| 127|0x0000000087f00000, 0x0000000088000000, 0x0000000088000000|100%| S|CS|TAMS 0x0000000087f00000, 0x0000000087f00000| Complete 
| 128|0x0000000088000000, 0x0000000088100000, 0x0000000088100000|100%| S|CS|TAMS 0x0000000088000000, 0x0000000088000000| Complete 
| 129|0x0000000088100000, 0x0000000088200000, 0x0000000088200000|100%| S|CS|TAMS 0x0000000088100000, 0x0000000088100000| Complete 
| 130|0x0000000088200000, 0x0000000088300000, 0x0000000088300000|100%| S|CS|TAMS 0x0000000088200000, 0x0000000088200000| Complete 
| 131|0x0000000088300000, 0x0000000088400000, 0x0000000088400000|100%| S|CS|TAMS 0x0000000088300000, 0x0000000088300000| Complete 
| 132|0x0000000088400000, 0x0000000088500000, 0x0000000088500000|100%| S|CS|TAMS 0x0000000088400000, 0x0000000088400000| Complete 
| 133|0x0000000088500000, 0x0000000088600000, 0x0000000088600000|100%| S|CS|TAMS 0x0000000088500000, 0x0000000088500000| Complete 
| 134|0x0000000088600000, 0x0000000088700000, 0x0000000088700000|100%| S|CS|TAMS 0x0000000088600000, 0x0000000088600000| Complete 
| 135|0x0000000088700000, 0x0000000088800000, 0x0000000088800000|100%| S|CS|TAMS 0x0000000088700000, 0x0000000088700000| Complete 
| 136|0x0000000088800000, 0x0000000088900000, 0x0000000088900000|100%| S|CS|TAMS 0x0000000088800000, 0x0000000088800000| Complete 
| 137|0x0000000088900000, 0x0000000088a00000, 0x0000000088a00000|100%| S|CS|TAMS 0x0000000088900000, 0x0000000088900000| Complete 
| 138|0x0000000088a00000, 0x0000000088b00000, 0x0000000088b00000|100%| S|CS|TAMS 0x0000000088a00000, 0x0000000088a00000| Complete 
| 139|0x0000000088b00000, 0x0000000088c00000, 0x0000000088c00000|100%| S|CS|TAMS 0x0000000088b00000, 0x0000000088b00000| Complete 
| 140|0x0000000088c00000, 0x0000000088c00000, 0x0000000088d00000|  0%| F|  |TAMS 0x0000000088c00000, 0x0000000088c00000| Untracked 
| 141|0x0000000088d00000, 0x0000000088d00000, 0x0000000088e00000|  0%| F|  |TAMS 0x0000000088d00000, 0x0000000088d00000| Untracked 
| 142|0x0000000088e00000, 0x0000000088e00000, 0x0000000088f00000|  0%| F|  |TAMS 0x0000000088e00000, 0x0000000088e00000| Untracked 
| 143|0x0000000088f00000, 0x0000000088f00000, 0x0000000089000000|  0%| F|  |TAMS 0x0000000088f00000, 0x0000000088f00000| Untracked 
| 144|0x0000000089000000, 0x0000000089000000, 0x0000000089100000|  0%| F|  |TAMS 0x0000000089000000, 0x0000000089000000| Untracked 
| 145|0x0000000089100000, 0x0000000089100000, 0x0000000089200000|  0%| F|  |TAMS 0x0000000089100000, 0x0000000089100000| Untracked 
| 146|0x0000000089200000, 0x0000000089200000, 0x0000000089300000|  0%| F|  |TAMS 0x0000000089200000, 0x0000000089200000| Untracked 
| 147|0x0000000089300000, 0x0000000089300000, 0x0000000089400000|  0%| F|  |TAMS 0x0000000089300000, 0x0000000089300000| Untracked 
| 148|0x0000000089400000, 0x0000000089400000, 0x0000000089500000|  0%| F|  |TAMS 0x0000000089400000, 0x0000000089400000| Untracked 
| 149|0x0000000089500000, 0x0000000089500000, 0x0000000089600000|  0%| F|  |TAMS 0x0000000089500000, 0x0000000089500000| Untracked 
| 150|0x0000000089600000, 0x0000000089600000, 0x0000000089700000|  0%| F|  |TAMS 0x0000000089600000, 0x0000000089600000| Untracked 
| 151|0x0000000089700000, 0x0000000089700000, 0x0000000089800000|  0%| F|  |TAMS 0x0000000089700000, 0x0000000089700000| Untracked 
| 152|0x0000000089800000, 0x0000000089800000, 0x0000000089900000|  0%| F|  |TAMS 0x0000000089800000, 0x0000000089800000| Untracked 
| 153|0x0000000089900000, 0x0000000089900000, 0x0000000089a00000|  0%| F|  |TAMS 0x0000000089900000, 0x0000000089900000| Untracked 
| 154|0x0000000089a00000, 0x0000000089a00000, 0x0000000089b00000|  0%| F|  |TAMS 0x0000000089a00000, 0x0000000089a00000| Untracked 
| 155|0x0000000089b00000, 0x0000000089b00000, 0x0000000089c00000|  0%| F|  |TAMS 0x0000000089b00000, 0x0000000089b00000| Untracked 
| 156|0x0000000089c00000, 0x0000000089c00000, 0x0000000089d00000|  0%| F|  |TAMS 0x0000000089c00000, 0x0000000089c00000| Untracked 
| 157|0x0000000089d00000, 0x0000000089d00000, 0x0000000089e00000|  0%| F|  |TAMS 0x0000000089d00000, 0x0000000089d00000| Untracked 
| 158|0x0000000089e00000, 0x0000000089e00000, 0x0000000089f00000|  0%| F|  |TAMS 0x0000000089e00000, 0x0000000089e00000| Untracked 
| 159|0x0000000089f00000, 0x0000000089f00000, 0x000000008a000000|  0%| F|  |TAMS 0x0000000089f00000, 0x0000000089f00000| Untracked 
| 160|0x000000008a000000, 0x000000008a000000, 0x000000008a100000|  0%| F|  |TAMS 0x000000008a000000, 0x000000008a000000| Untracked 
| 161|0x000000008a100000, 0x000000008a100000, 0x000000008a200000|  0%| F|  |TAMS 0x000000008a100000, 0x000000008a100000| Untracked 
| 162|0x000000008a200000, 0x000000008a200000, 0x000000008a300000|  0%| F|  |TAMS 0x000000008a200000, 0x000000008a200000| Untracked 
| 163|0x000000008a300000, 0x000000008a300000, 0x000000008a400000|  0%| F|  |TAMS 0x000000008a300000, 0x000000008a300000| Untracked 
| 164|0x000000008a400000, 0x000000008a400000, 0x000000008a500000|  0%| F|  |TAMS 0x000000008a400000, 0x000000008a400000| Untracked 
| 165|0x000000008a500000, 0x000000008a500000, 0x000000008a600000|  0%| F|  |TAMS 0x000000008a500000, 0x000000008a500000| Untracked 
| 166|0x000000008a600000, 0x000000008a600000, 0x000000008a700000|  0%| F|  |TAMS 0x000000008a600000, 0x000000008a600000| Untracked 
| 167|0x000000008a700000, 0x000000008a700000, 0x000000008a800000|  0%| F|  |TAMS 0x000000008a700000, 0x000000008a700000| Untracked 
| 168|0x000000008a800000, 0x000000008a800000, 0x000000008a900000|  0%| F|  |TAMS 0x000000008a800000, 0x000000008a800000| Untracked 
| 169|0x000000008a900000, 0x000000008a900000, 0x000000008aa00000|  0%| F|  |TAMS 0x000000008a900000, 0x000000008a900000| Untracked 
| 170|0x000000008aa00000, 0x000000008aa00000, 0x000000008ab00000|  0%| F|  |TAMS 0x000000008aa00000, 0x000000008aa00000| Untracked 
| 171|0x000000008ab00000, 0x000000008ab00000, 0x000000008ac00000|  0%| F|  |TAMS 0x000000008ab00000, 0x000000008ab00000| Untracked 
| 172|0x000000008ac00000, 0x000000008ac00000, 0x000000008ad00000|  0%| F|  |TAMS 0x000000008ac00000, 0x000000008ac00000| Untracked 
| 173|0x000000008ad00000, 0x000000008ad00000, 0x000000008ae00000|  0%| F|  |TAMS 0x000000008ad00000, 0x000000008ad00000| Untracked 
| 174|0x000000008ae00000, 0x000000008ae00000, 0x000000008af00000|  0%| F|  |TAMS 0x000000008ae00000, 0x000000008ae00000| Untracked 
| 175|0x000000008af00000, 0x000000008af00000, 0x000000008b000000|  0%| F|  |TAMS 0x000000008af00000, 0x000000008af00000| Untracked 
| 176|0x000000008b000000, 0x000000008b000000, 0x000000008b100000|  0%| F|  |TAMS 0x000000008b000000, 0x000000008b000000| Untracked 
| 177|0x000000008b100000, 0x000000008b100000, 0x000000008b200000|  0%| F|  |TAMS 0x000000008b100000, 0x000000008b100000| Untracked 
| 178|0x000000008b200000, 0x000000008b200000, 0x000000008b300000|  0%| F|  |TAMS 0x000000008b200000, 0x000000008b200000| Untracked 
| 179|0x000000008b300000, 0x000000008b300000, 0x000000008b400000|  0%| F|  |TAMS 0x000000008b300000, 0x000000008b300000| Untracked 
| 180|0x000000008b400000, 0x000000008b400000, 0x000000008b500000|  0%| F|  |TAMS 0x000000008b400000, 0x000000008b400000| Untracked 
| 181|0x000000008b500000, 0x000000008b500000, 0x000000008b600000|  0%| F|  |TAMS 0x000000008b500000, 0x000000008b500000| Untracked 
| 182|0x000000008b600000, 0x000000008b600000, 0x000000008b700000|  0%| F|  |TAMS 0x000000008b600000, 0x000000008b600000| Untracked 
| 183|0x000000008b700000, 0x000000008b700000, 0x000000008b800000|  0%| F|  |TAMS 0x000000008b700000, 0x000000008b700000| Untracked 
| 184|0x000000008b800000, 0x000000008b800000, 0x000000008b900000|  0%| F|  |TAMS 0x000000008b800000, 0x000000008b800000| Untracked 
| 185|0x000000008b900000, 0x000000008b900000, 0x000000008ba00000|  0%| F|  |TAMS 0x000000008b900000, 0x000000008b900000| Untracked 
| 186|0x000000008ba00000, 0x000000008ba00000, 0x000000008bb00000|  0%| F|  |TAMS 0x000000008ba00000, 0x000000008ba00000| Untracked 
| 187|0x000000008bb00000, 0x000000008bb00000, 0x000000008bc00000|  0%| F|  |TAMS 0x000000008bb00000, 0x000000008bb00000| Untracked 
| 188|0x000000008bc00000, 0x000000008bc00000, 0x000000008bd00000|  0%| F|  |TAMS 0x000000008bc00000, 0x000000008bc00000| Untracked 
| 189|0x000000008bd00000, 0x000000008bd00000, 0x000000008be00000|  0%| F|  |TAMS 0x000000008bd00000, 0x000000008bd00000| Untracked 
| 190|0x000000008be00000, 0x000000008be00000, 0x000000008bf00000|  0%| F|  |TAMS 0x000000008be00000, 0x000000008be00000| Untracked 
| 191|0x000000008bf00000, 0x000000008bf00000, 0x000000008c000000|  0%| F|  |TAMS 0x000000008bf00000, 0x000000008bf00000| Untracked 
| 192|0x000000008c000000, 0x000000008c000000, 0x000000008c100000|  0%| F|  |TAMS 0x000000008c000000, 0x000000008c000000| Untracked 
| 193|0x000000008c100000, 0x000000008c100000, 0x000000008c200000|  0%| F|  |TAMS 0x000000008c100000, 0x000000008c100000| Untracked 
| 194|0x000000008c200000, 0x000000008c200000, 0x000000008c300000|  0%| F|  |TAMS 0x000000008c200000, 0x000000008c200000| Untracked 
| 195|0x000000008c300000, 0x000000008c300000, 0x000000008c400000|  0%| F|  |TAMS 0x000000008c300000, 0x000000008c300000| Untracked 
| 196|0x000000008c400000, 0x000000008c400000, 0x000000008c500000|  0%| F|  |TAMS 0x000000008c400000, 0x000000008c400000| Untracked 
| 197|0x000000008c500000, 0x000000008c500000, 0x000000008c600000|  0%| F|  |TAMS 0x000000008c500000, 0x000000008c500000| Untracked 
| 198|0x000000008c600000, 0x000000008c600000, 0x000000008c700000|  0%| F|  |TAMS 0x000000008c600000, 0x000000008c600000| Untracked 
| 199|0x000000008c700000, 0x000000008c700000, 0x000000008c800000|  0%| F|  |TAMS 0x000000008c700000, 0x000000008c700000| Untracked 
| 200|0x000000008c800000, 0x000000008c800000, 0x000000008c900000|  0%| F|  |TAMS 0x000000008c800000, 0x000000008c800000| Untracked 
| 201|0x000000008c900000, 0x000000008c900000, 0x000000008ca00000|  0%| F|  |TAMS 0x000000008c900000, 0x000000008c900000| Untracked 
| 202|0x000000008ca00000, 0x000000008ca00000, 0x000000008cb00000|  0%| F|  |TAMS 0x000000008ca00000, 0x000000008ca00000| Untracked 
| 203|0x000000008cb00000, 0x000000008cb00000, 0x000000008cc00000|  0%| F|  |TAMS 0x000000008cb00000, 0x000000008cb00000| Untracked 
| 204|0x000000008cc00000, 0x000000008cc00000, 0x000000008cd00000|  0%| F|  |TAMS 0x000000008cc00000, 0x000000008cc00000| Untracked 
| 205|0x000000008cd00000, 0x000000008cd00000, 0x000000008ce00000|  0%| F|  |TAMS 0x000000008cd00000, 0x000000008cd00000| Untracked 
| 206|0x000000008ce00000, 0x000000008ce00000, 0x000000008cf00000|  0%| F|  |TAMS 0x000000008ce00000, 0x000000008ce00000| Untracked 
| 207|0x000000008cf00000, 0x000000008cf00000, 0x000000008d000000|  0%| F|  |TAMS 0x000000008cf00000, 0x000000008cf00000| Untracked 
| 208|0x000000008d000000, 0x000000008d000000, 0x000000008d100000|  0%| F|  |TAMS 0x000000008d000000, 0x000000008d000000| Untracked 
| 209|0x000000008d100000, 0x000000008d100000, 0x000000008d200000|  0%| F|  |TAMS 0x000000008d100000, 0x000000008d100000| Untracked 
| 210|0x000000008d200000, 0x000000008d200000, 0x000000008d300000|  0%| F|  |TAMS 0x000000008d200000, 0x000000008d200000| Untracked 
| 211|0x000000008d300000, 0x000000008d300000, 0x000000008d400000|  0%| F|  |TAMS 0x000000008d300000, 0x000000008d300000| Untracked 
| 212|0x000000008d400000, 0x000000008d400000, 0x000000008d500000|  0%| F|  |TAMS 0x000000008d400000, 0x000000008d400000| Untracked 
| 213|0x000000008d500000, 0x000000008d500000, 0x000000008d600000|  0%| F|  |TAMS 0x000000008d500000, 0x000000008d500000| Untracked 
| 214|0x000000008d600000, 0x000000008d600000, 0x000000008d700000|  0%| F|  |TAMS 0x000000008d600000, 0x000000008d600000| Untracked 
| 215|0x000000008d700000, 0x000000008d700000, 0x000000008d800000|  0%| F|  |TAMS 0x000000008d700000, 0x000000008d700000| Untracked 
| 216|0x000000008d800000, 0x000000008d800000, 0x000000008d900000|  0%| F|  |TAMS 0x000000008d800000, 0x000000008d800000| Untracked 
| 217|0x000000008d900000, 0x000000008d900000, 0x000000008da00000|  0%| F|  |TAMS 0x000000008d900000, 0x000000008d900000| Untracked 
| 218|0x000000008da00000, 0x000000008da00000, 0x000000008db00000|  0%| F|  |TAMS 0x000000008da00000, 0x000000008da00000| Untracked 
| 219|0x000000008db00000, 0x000000008db00000, 0x000000008dc00000|  0%| F|  |TAMS 0x000000008db00000, 0x000000008db00000| Untracked 
| 220|0x000000008dc00000, 0x000000008dc00000, 0x000000008dd00000|  0%| F|  |TAMS 0x000000008dc00000, 0x000000008dc00000| Untracked 
| 221|0x000000008dd00000, 0x000000008dd00000, 0x000000008de00000|  0%| F|  |TAMS 0x000000008dd00000, 0x000000008dd00000| Untracked 
| 222|0x000000008de00000, 0x000000008de00000, 0x000000008df00000|  0%| F|  |TAMS 0x000000008de00000, 0x000000008de00000| Untracked 
| 223|0x000000008df00000, 0x000000008df00000, 0x000000008e000000|  0%| F|  |TAMS 0x000000008df00000, 0x000000008df00000| Untracked 
| 224|0x000000008e000000, 0x000000008e000000, 0x000000008e100000|  0%| F|  |TAMS 0x000000008e000000, 0x000000008e000000| Untracked 
| 225|0x000000008e100000, 0x000000008e100000, 0x000000008e200000|  0%| F|  |TAMS 0x000000008e100000, 0x000000008e100000| Untracked 
| 226|0x000000008e200000, 0x000000008e200000, 0x000000008e300000|  0%| F|  |TAMS 0x000000008e200000, 0x000000008e200000| Untracked 
| 227|0x000000008e300000, 0x000000008e300000, 0x000000008e400000|  0%| F|  |TAMS 0x000000008e300000, 0x000000008e300000| Untracked 
| 228|0x000000008e400000, 0x000000008e400000, 0x000000008e500000|  0%| F|  |TAMS 0x000000008e400000, 0x000000008e400000| Untracked 
| 229|0x000000008e500000, 0x000000008e500000, 0x000000008e600000|  0%| F|  |TAMS 0x000000008e500000, 0x000000008e500000| Untracked 
| 230|0x000000008e600000, 0x000000008e600000, 0x000000008e700000|  0%| F|  |TAMS 0x000000008e600000, 0x000000008e600000| Untracked 
| 231|0x000000008e700000, 0x000000008e700000, 0x000000008e800000|  0%| F|  |TAMS 0x000000008e700000, 0x000000008e700000| Untracked 
| 232|0x000000008e800000, 0x000000008e800000, 0x000000008e900000|  0%| F|  |TAMS 0x000000008e800000, 0x000000008e800000| Untracked 
| 233|0x000000008e900000, 0x000000008e900000, 0x000000008ea00000|  0%| F|  |TAMS 0x000000008e900000, 0x000000008e900000| Untracked 
| 234|0x000000008ea00000, 0x000000008ea00000, 0x000000008eb00000|  0%| F|  |TAMS 0x000000008ea00000, 0x000000008ea00000| Untracked 
| 235|0x000000008eb00000, 0x000000008eb00000, 0x000000008ec00000|  0%| F|  |TAMS 0x000000008eb00000, 0x000000008eb00000| Untracked 
| 236|0x000000008ec00000, 0x000000008ec00000, 0x000000008ed00000|  0%| F|  |TAMS 0x000000008ec00000, 0x000000008ec00000| Untracked 
| 237|0x000000008ed00000, 0x000000008ed00000, 0x000000008ee00000|  0%| F|  |TAMS 0x000000008ed00000, 0x000000008ed00000| Untracked 
| 238|0x000000008ee00000, 0x000000008ee00000, 0x000000008ef00000|  0%| F|  |TAMS 0x000000008ee00000, 0x000000008ee00000| Untracked 
| 239|0x000000008ef00000, 0x000000008ef00000, 0x000000008f000000|  0%| F|  |TAMS 0x000000008ef00000, 0x000000008ef00000| Untracked 
| 240|0x000000008f000000, 0x000000008f000000, 0x000000008f100000|  0%| F|  |TAMS 0x000000008f000000, 0x000000008f000000| Untracked 
| 241|0x000000008f100000, 0x000000008f100000, 0x000000008f200000|  0%| F|  |TAMS 0x000000008f100000, 0x000000008f100000| Untracked 
| 242|0x000000008f200000, 0x000000008f200000, 0x000000008f300000|  0%| F|  |TAMS 0x000000008f200000, 0x000000008f200000| Untracked 
| 243|0x000000008f300000, 0x000000008f300000, 0x000000008f400000|  0%| F|  |TAMS 0x000000008f300000, 0x000000008f300000| Untracked 
| 244|0x000000008f400000, 0x000000008f400000, 0x000000008f500000|  0%| F|  |TAMS 0x000000008f400000, 0x000000008f400000| Untracked 
| 245|0x000000008f500000, 0x000000008f500000, 0x000000008f600000|  0%| F|  |TAMS 0x000000008f500000, 0x000000008f500000| Untracked 
| 246|0x000000008f600000, 0x000000008f600000, 0x000000008f700000|  0%| F|  |TAMS 0x000000008f600000, 0x000000008f600000| Untracked 
| 247|0x000000008f700000, 0x000000008f700000, 0x000000008f800000|  0%| F|  |TAMS 0x000000008f700000, 0x000000008f700000| Untracked 
| 248|0x000000008f800000, 0x000000008f800000, 0x000000008f900000|  0%| F|  |TAMS 0x000000008f800000, 0x000000008f800000| Untracked 
| 249|0x000000008f900000, 0x000000008f94bf78, 0x000000008fa00000| 29%| E|  |TAMS 0x000000008f900000, 0x000000008f900000| Complete 
| 250|0x000000008fa00000, 0x000000008fb00000, 0x000000008fb00000|100%| E|CS|TAMS 0x000000008fa00000, 0x000000008fa00000| Complete 
| 251|0x000000008fb00000, 0x000000008fc00000, 0x000000008fc00000|100%| E|CS|TAMS 0x000000008fb00000, 0x000000008fb00000| Complete 
| 252|0x000000008fc00000, 0x000000008fd00000, 0x000000008fd00000|100%| E|CS|TAMS 0x000000008fc00000, 0x000000008fc00000| Complete 
| 253|0x000000008fd00000, 0x000000008fe00000, 0x000000008fe00000|100%| E|CS|TAMS 0x000000008fd00000, 0x000000008fd00000| Complete 
| 254|0x000000008fe00000, 0x000000008ff00000, 0x000000008ff00000|100%| E|CS|TAMS 0x000000008fe00000, 0x000000008fe00000| Complete 
| 255|0x000000008ff00000, 0x0000000090000000, 0x0000000090000000|100%| E|CS|TAMS 0x000000008ff00000, 0x000000008ff00000| Complete 

Card table byte_map: [0x000002ce2f2c0000,0x000002ce2f6c0000] _byte_map_base: 0x000002ce2eec0000

Marking Bits (Prev, Next): (CMBitMap*) 0x000002ce1be9b528, (CMBitMap*) 0x000002ce1be9b560
 Prev Bits: [0x000002ce2fac0000, 0x000002ce31ac0000)
 Next Bits: [0x000002ce31ac0000, 0x000002ce33ac0000)

Polling page: 0x000002ce19c30000

Metaspace:

Usage:
  Non-class:     40.10 MB capacity,    39.37 MB ( 98%) used,   627.81 KB (  2%) free+waste,   116.13 KB ( <1%) overhead. 
      Class:      6.06 MB capacity,     5.64 MB ( 93%) used,   368.59 KB (  6%) free+waste,    55.94 KB ( <1%) overhead. 
       Both:     46.16 MB capacity,    45.01 MB ( 98%) used,   996.40 KB (  2%) free+waste,   172.06 KB ( <1%) overhead. 

Virtual space:
  Non-class space:       42.00 MB reserved,      40.17 MB ( 96%) committed 
      Class space:        1.00 GB reserved,       6.07 MB ( <1%) committed 
             Both:        1.04 GB reserved,      46.25 MB (  4%) committed 

Chunk freelists:
   Non-Class:  10.00 KB
       Class:  7.00 KB
        Both:  17.00 KB

MaxMetaspaceSize: 17179869184.00 GB
CompressedClassSpaceSize: 1.00 GB
Initial GC threshold: 20.80 MB
Current GC threshold: 58.95 MB
CDS: off

CodeHeap 'non-profiled nmethods': size=120000Kb used=2474Kb max_used=2474Kb free=117525Kb
 bounds [0x000002ce27440000, 0x000002ce276b0000, 0x000002ce2e970000]
CodeHeap 'profiled nmethods': size=120000Kb used=8742Kb max_used=8742Kb free=111257Kb
 bounds [0x000002ce1ff10000, 0x000002ce207a0000, 0x000002ce27440000]
CodeHeap 'non-nmethods': size=5760Kb used=2288Kb max_used=2340Kb free=3471Kb
 bounds [0x000002ce1f970000, 0x000002ce1fbe0000, 0x000002ce1ff10000]
 total_blobs=4862 nmethods=4077 adapters=697
 compilation: enabled
              stopped_count=0, restarted_count=0
 full_count=0

Compilation events (20 events):
Event: 4.426 Thread 0x000002ce3702f800 4075       3       java.util.regex.Pattern$Branch::match (66 bytes)
Event: 4.427 Thread 0x000002ce3702f800 nmethod 4075 0x000002ce20792c90 code [0x000002ce20792e80, 0x000002ce20793318]
Event: 4.427 Thread 0x000002ce3702f800 4076       3       java.util.concurrent.locks.ReentrantLock::isHeldByCurrentThread (8 bytes)
Event: 4.427 Thread 0x000002ce3702f800 nmethod 4076 0x000002ce20793510 code [0x000002ce207936c0, 0x000002ce207938b8]
Event: 4.429 Thread 0x000002ce3702f800 4077       3       java.math.BigInteger::getInt (63 bytes)
Event: 4.429 Thread 0x000002ce3702f800 nmethod 4077 0x000002ce20793990 code [0x000002ce20793b60, 0x000002ce20793ee8]
Event: 4.434 Thread 0x000002ce3702f800 4078       3       java.util.regex.CharPredicates$$Lambda$9/0x0000000100064440::is (5 bytes)
Event: 4.434 Thread 0x000002ce3702f800 nmethod 4078 0x000002ce20794010 code [0x000002ce20794200, 0x000002ce207945f8]
Event: 4.434 Thread 0x000002ce3702f800 4079       3       java.util.regex.CharPredicates::lambda$ASCII_WORD$16 (20 bytes)
Event: 4.435 Thread 0x000002ce3702f800 nmethod 4079 0x000002ce20794790 code [0x000002ce20794960, 0x000002ce20794cd8]
Event: 4.440 Thread 0x000002ce3702f800 4080       3       org.gradle.internal.snapshot.AbstractIncompleteFileSystemNode::getSnapshot (15 bytes)
Event: 4.441 Thread 0x000002ce3702f800 nmethod 4080 0x000002ce20794e10 code [0x000002ce20795020, 0x000002ce207956a8]
Event: 4.441 Thread 0x000002ce3702f800 4081       3       org.gradle.internal.snapshot.SnapshotUtil::getMetadataFromChildren (21 bytes)
Event: 4.441 Thread 0x000002ce3702f800 nmethod 4081 0x000002ce20795910 code [0x000002ce20795b00, 0x000002ce20795f68]
Event: 4.442 Thread 0x000002ce3702f800 4082       3       java.util.concurrent.locks.AbstractQueuedSynchronizer$ConditionObject::awaitNanos (181 bytes)
Event: 4.445 Thread 0x000002ce3702f800 nmethod 4082 0x000002ce20796110 code [0x000002ce20796520, 0x000002ce207980f8]
Event: 4.445 Thread 0x000002ce3702f800 4083       3       com.esotericsoftware.kryo.io.Output::writeString (125 bytes)
Event: 4.445 Thread 0x000002ce3702f800 nmethod 4083 0x000002ce20798c90 code [0x000002ce20798ec0, 0x000002ce207994d8]
Event: 4.445 Thread 0x000002ce3702f800 4084       3       com.google.common.cache.LocalCache::segmentFor (17 bytes)
Event: 4.445 Thread 0x000002ce3702f800 nmethod 4084 0x000002ce20799710 code [0x000002ce207998c0, 0x000002ce207999f8]

GC Heap History (10 events):
Event: 0.583 GC heap before
{Heap before GC invocations=0 (full 0):
 garbage-first heap   total 262144K, used 30720K [0x0000000080000000, 0x0000000100000000)
  region size 1024K, 24 young (24576K), 0 survivors (0K)
 Metaspace       used 10227K, capacity 10501K, committed 10624K, reserved 1058816K
  class space    used 1053K, capacity 1139K, committed 1152K, reserved 1048576K
}
Event: 0.587 GC heap after
{Heap after GC invocations=1 (full 0):
 garbage-first heap   total 262144K, used 9425K [0x0000000080000000, 0x0000000100000000)
  region size 1024K, 3 young (3072K), 3 survivors (3072K)
 Metaspace       used 10227K, capacity 10501K, committed 10624K, reserved 1058816K
  class space    used 1053K, capacity 1139K, committed 1152K, reserved 1048576K
}
Event: 1.878 GC heap before
{Heap before GC invocations=1 (full 0):
 garbage-first heap   total 262144K, used 109777K [0x0000000080000000, 0x0000000100000000)
  region size 1024K, 102 young (104448K), 3 survivors (3072K)
 Metaspace       used 20716K, capacity 21166K, committed 21296K, reserved 1069056K
  class space    used 2513K, capacity 2665K, committed 2688K, reserved 1048576K
}
Event: 1.887 GC heap after
{Heap after GC invocations=2 (full 0):
 garbage-first heap   total 262144K, used 17201K [0x0000000080000000, 0x0000000100000000)
  region size 1024K, 11 young (11264K), 11 survivors (11264K)
 Metaspace       used 20716K, capacity 21166K, committed 21296K, reserved 1069056K
  class space    used 2513K, capacity 2665K, committed 2688K, reserved 1048576K
}
Event: 2.184 GC heap before
{Heap before GC invocations=3 (full 0):
 garbage-first heap   total 262144K, used 50993K [0x0000000080000000, 0x0000000100000000)
  region size 1024K, 44 young (45056K), 11 survivors (11264K)
 Metaspace       used 24414K, capacity 25071K, committed 25340K, reserved 1071104K
  class space    used 3054K, capacity 3268K, committed 3404K, reserved 1048576K
}
Event: 2.190 GC heap after
{Heap after GC invocations=4 (full 0):
 garbage-first heap   total 262144K, used 18397K [0x0000000080000000, 0x0000000100000000)
  region size 1024K, 2 young (2048K), 2 survivors (2048K)
 Metaspace       used 24414K, capacity 25071K, committed 25340K, reserved 1071104K
  class space    used 3054K, capacity 3268K, committed 3404K, reserved 1048576K
}
Event: 3.187 GC heap before
{Heap before GC invocations=4 (full 0):
 garbage-first heap   total 262144K, used 135133K [0x0000000080000000, 0x0000000100000000)
  region size 1024K, 103 young (105472K), 2 survivors (2048K)
 Metaspace       used 34851K, capacity 35838K, committed 35964K, reserved 1081344K
  class space    used 4594K, capacity 4962K, committed 5068K, reserved 1048576K
}
Event: 3.196 GC heap after
{Heap after GC invocations=5 (full 0):
 garbage-first heap   total 262144K, used 40045K [0x0000000080000000, 0x0000000100000000)
  region size 1024K, 9 young (9216K), 9 survivors (9216K)
 Metaspace       used 34851K, capacity 35838K, committed 35964K, reserved 1081344K
  class space    used 4594K, capacity 4962K, committed 5068K, reserved 1048576K
}
Event: 4.358 GC heap before
{Heap before GC invocations=6 (full 0):
 garbage-first heap   total 262144K, used 165997K [0x0000000080000000, 0x0000000100000000)
  region size 1024K, 116 young (118784K), 9 survivors (9216K)
 Metaspace       used 45651K, capacity 46778K, committed 46844K, reserved 1089536K
  class space    used 5717K, capacity 6166K, committed 6220K, reserved 1048576K
}
Event: 4.369 GC heap after
{Heap after GC invocations=7 (full 0):
 garbage-first heap   total 262144K, used 62321K [0x0000000080000000, 0x0000000100000000)
  region size 1024K, 15 young (15360K), 15 survivors (15360K)
 Metaspace       used 45651K, capacity 46778K, committed 46844K, reserved 1089536K
  class space    used 5717K, capacity 6166K, committed 6220K, reserved 1048576K
}

Deoptimization events (20 events):
Event: 4.286 Thread 0x000002ce3941b800 Uncommon trap: trap_request=0xffffffbe fr.pc=0x000002ce2761fe48 relative=0x0000000000000968
Event: 4.286 Thread 0x000002ce3941b800 Uncommon trap: reason=profile_predicate action=maybe_recompile pc=0x000002ce2761fe48 method=jdk.internal.jimage.ImageStringsReader.charsFromByteBuffer([CLjava/nio/ByteBuffer;)V @ 6 c2
Event: 4.286 Thread 0x000002ce3941b800 DEOPT PACKING pc=0x000002ce2761fe48 sp=0x000000f115af5b40
Event: 4.286 Thread 0x000002ce3941b800 DEOPT UNPACKING pc=0x000002ce1f9ba1af sp=0x000000f115af5a18 mode 2
Event: 4.286 Thread 0x000002ce3941b800 Uncommon trap: trap_request=0xffffffbe fr.pc=0x000002ce2761fe48 relative=0x0000000000000968
Event: 4.286 Thread 0x000002ce3941b800 Uncommon trap: reason=profile_predicate action=maybe_recompile pc=0x000002ce2761fe48 method=jdk.internal.jimage.ImageStringsReader.charsFromByteBuffer([CLjava/nio/ByteBuffer;)V @ 6 c2
Event: 4.286 Thread 0x000002ce3941b800 DEOPT PACKING pc=0x000002ce2761fe48 sp=0x000000f115af5b40
Event: 4.286 Thread 0x000002ce3941b800 DEOPT UNPACKING pc=0x000002ce1f9ba1af sp=0x000000f115af5a18 mode 2
Event: 4.330 Thread 0x000002ce3941b800 Uncommon trap: trap_request=0xffffff7e fr.pc=0x000002ce2768a410 relative=0x00000000000001b0
Event: 4.330 Thread 0x000002ce3941b800 Uncommon trap: reason=predicate action=maybe_recompile pc=0x000002ce2768a410 method=java.util.Arrays.binarySearch0([Ljava/lang/Object;IILjava/lang/Object;Ljava/util/Comparator;)I @ 25 c2
Event: 4.330 Thread 0x000002ce3941b800 DEOPT PACKING pc=0x000002ce2768a410 sp=0x000000f115af6e50
Event: 4.330 Thread 0x000002ce3941b800 DEOPT UNPACKING pc=0x000002ce1f9ba1af sp=0x000000f115af6db8 mode 2
Event: 4.414 Thread 0x000002ce3941b800 Uncommon trap: trap_request=0xffffff4d fr.pc=0x000002ce2749ad7c relative=0x000000000000059c
Event: 4.414 Thread 0x000002ce3941b800 Uncommon trap: reason=unstable_if action=reinterpret pc=0x000002ce2749ad7c method=java.util.jar.Manifest$FastInputStream.readLine([BII)I @ 130 c2
Event: 4.414 Thread 0x000002ce3941b800 DEOPT PACKING pc=0x000002ce2749ad7c sp=0x000000f115af5030
Event: 4.414 Thread 0x000002ce3941b800 DEOPT UNPACKING pc=0x000002ce1f9ba1af sp=0x000000f115af4fc0 mode 2
Event: 4.421 Thread 0x000002ce3941b800 Uncommon trap: trap_request=0xffffff4d fr.pc=0x000002ce2753a1d0 relative=0x00000000000001f0
Event: 4.421 Thread 0x000002ce3941b800 Uncommon trap: reason=unstable_if action=reinterpret pc=0x000002ce2753a1d0 method=java.util.HashMap.putVal(ILjava/lang/Object;Ljava/lang/Object;ZZ)Ljava/lang/Object; @ 162 c2
Event: 4.421 Thread 0x000002ce3941b800 DEOPT PACKING pc=0x000002ce2753a1d0 sp=0x000000f115af9a50
Event: 4.421 Thread 0x000002ce3941b800 DEOPT UNPACKING pc=0x000002ce1f9ba1af sp=0x000000f115af99d0 mode 2

Classes redefined (0 events):
No events

Internal exceptions (20 events):
Event: 4.332 Thread 0x000002ce3941b800 Exception <a 'java/lang/ClassNotFoundException'{0x0000000088e74d48}: org/jetbrains/plugins/gradle/tooling/AbstractModelBuilderServiceCustomizer> (0x0000000088e74d48) thrown at [./src/hotspot/share/classfile/systemDictionary.cpp, line 231]
Event: 4.332 Thread 0x000002ce3941b800 Exception <a 'java/lang/ClassNotFoundException'{0x0000000088e85070}: org/jetbrains/plugins/gradle/tooling/builder/WarModelBuilderImplCustomizer> (0x0000000088e85070) thrown at [./src/hotspot/share/classfile/systemDictionary.cpp, line 231]
Event: 4.338 Thread 0x000002ce3941b800 Exception <a 'java/lang/ClassNotFoundException'{0x0000000088ef9328}: org/jetbrains/plugins/gradle/tooling/builder/EarModelBuilderImplBeanInfo> (0x0000000088ef9328) thrown at [./src/hotspot/share/classfile/systemDictionary.cpp, line 231]
Event: 4.339 Thread 0x000002ce3941b800 Exception <a 'java/lang/ClassNotFoundException'{0x0000000088d06a20}: org/jetbrains/plugins/gradle/tooling/builder/EarModelBuilderImplCustomizer> (0x0000000088d06a20) thrown at [./src/hotspot/share/classfile/systemDictionary.cpp, line 231]
Event: 4.347 Thread 0x000002ce3941b800 Exception <a 'java/lang/ClassNotFoundException'{0x0000000088c09f90}: org/jetbrains/plugins/gradle/tooling/builder/ScalaModelBuilderImplBeanInfo> (0x0000000088c09f90) thrown at [./src/hotspot/share/classfile/systemDictionary.cpp, line 231]
Event: 4.347 Thread 0x000002ce3941b800 Exception <a 'java/lang/ClassNotFoundException'{0x0000000088c17270}: org/jetbrains/plugins/gradle/tooling/builder/ScalaModelBuilderImplCustomizer> (0x0000000088c17270) thrown at [./src/hotspot/share/classfile/systemDictionary.cpp, line 231]
Event: 4.354 Thread 0x000002ce3941b800 Exception <a 'java/lang/ClassNotFoundException'{0x0000000088c8a1b0}: org/jetbrains/plugins/gradle/tooling/builder/ExternalProjectBuilderImpl$1BeanInfo> (0x0000000088c8a1b0) thrown at [./src/hotspot/share/classfile/systemDictionary.cpp, line 231]
Event: 4.354 Thread 0x000002ce3941b800 Exception <a 'java/lang/ClassNotFoundException'{0x0000000088c97718}: org/jetbrains/plugins/gradle/tooling/builder/ExternalProjectBuilderImpl$1Customizer> (0x0000000088c97718) thrown at [./src/hotspot/share/classfile/systemDictionary.cpp, line 231]
Event: 4.370 Thread 0x000002ce3941b800 Exception <a 'java/lang/ClassNotFoundException'{0x000000008ff18188}: org/jetbrains/plugins/gradle/tooling/builder/ExternalProjectBuilderImplBeanInfo> (0x000000008ff18188) thrown at [./src/hotspot/share/classfile/systemDictionary.cpp, line 231]
Event: 4.370 Thread 0x000002ce3941b800 Exception <a 'java/lang/ClassNotFoundException'{0x000000008ff25588}: org/jetbrains/plugins/gradle/tooling/builder/ExternalProjectBuilderImplCustomizer> (0x000000008ff25588) thrown at [./src/hotspot/share/classfile/systemDictionary.cpp, line 231]
Event: 4.375 Thread 0x000002ce3941b800 Exception <a 'java/lang/ClassNotFoundException'{0x000000008ff80300}: org/jetbrains/plugins/gradle/tooling/builder/DependencyGraphModelBuilderImplBeanInfo> (0x000000008ff80300) thrown at [./src/hotspot/share/classfile/systemDictionary.cpp, line 231]
Event: 4.375 Thread 0x000002ce3941b800 Exception <a 'java/lang/ClassNotFoundException'{0x000000008ff8db48}: org/jetbrains/plugins/gradle/tooling/builder/DependencyGraphModelBuilderImplCustomizer> (0x000000008ff8db48) thrown at [./src/hotspot/share/classfile/systemDictionary.cpp, line 231]
Event: 4.382 Thread 0x000002ce3941b800 Exception <a 'java/lang/ClassNotFoundException'{0x000000008fe48ad0}: org/jetbrains/plugins/gradle/tooling/builder/ExternalTestsModelBuilderImplBeanInfo> (0x000000008fe48ad0) thrown at [./src/hotspot/share/classfile/systemDictionary.cpp, line 231]
Event: 4.382 Thread 0x000002ce3941b800 Exception <a 'java/lang/ClassNotFoundException'{0x000000008fe56040}: org/jetbrains/plugins/gradle/tooling/builder/ExternalTestsModelBuilderImplCustomizer> (0x000000008fe56040) thrown at [./src/hotspot/share/classfile/systemDictionary.cpp, line 231]
Event: 4.404 Thread 0x000002ce3941b800 Exception <a 'java/lang/ClassNotFoundException'{0x000000008fcebd68}: org/jetbrains/plugins/gradle/tooling/builder/ProjectExtensionsDataBuilderImplBeanInfo> (0x000000008fcebd68) thrown at [./src/hotspot/share/classfile/systemDictionary.cpp, line 231]
Event: 4.404 Thread 0x000002ce3941b800 Exception <a 'java/lang/ClassNotFoundException'{0x000000008fcf9370}: org/jetbrains/plugins/gradle/tooling/builder/ProjectExtensionsDataBuilderImplCustomizer> (0x000000008fcf9370) thrown at [./src/hotspot/share/classfile/systemDictionary.cpp, line 231]
Event: 4.408 Thread 0x000002ce3941b800 Exception <a 'java/lang/ClassNotFoundException'{0x000000008fb33088}: org/jetbrains/plugins/gradle/tooling/builder/IntelliJSettingsBuilderBeanInfo> (0x000000008fb33088) thrown at [./src/hotspot/share/classfile/systemDictionary.cpp, line 231]
Event: 4.408 Thread 0x000002ce3941b800 Exception <a 'java/lang/ClassNotFoundException'{0x000000008fb403e0}: org/jetbrains/plugins/gradle/tooling/builder/IntelliJSettingsBuilderCustomizer> (0x000000008fb403e0) thrown at [./src/hotspot/share/classfile/systemDictionary.cpp, line 231]
Event: 4.411 Thread 0x000002ce3941b800 Exception <a 'java/lang/ClassNotFoundException'{0x000000008fb7a008}: org/jetbrains/plugins/gradle/tooling/builder/IntelliJProjectSettingsBuilderBeanInfo> (0x000000008fb7a008) thrown at [./src/hotspot/share/classfile/systemDictionary.cpp, line 231]
Event: 4.411 Thread 0x000002ce3941b800 Exception <a 'java/lang/ClassNotFoundException'{0x000000008fb877d8}: org/jetbrains/plugins/gradle/tooling/builder/IntelliJProjectSettingsBuilderCustomizer> (0x000000008fb877d8) thrown at [./src/hotspot/share/classfile/systemDictionary.cpp, line 231]

Events (20 events):
Event: 4.425 loading class org/gradle/vcs/internal/services/VersionControlServices$VersionControlSettingsServices
Event: 4.425 loading class org/gradle/vcs/internal/services/VersionControlServices$VersionControlSettingsServices done
Event: 4.426 loading class org/gradle/vcs/VcsMappings
Event: 4.426 loading class org/gradle/vcs/VcsMappings done
Event: 4.426 loading class org/gradle/initialization/DefaultProjectDescriptorRegistry
Event: 4.426 loading class org/gradle/initialization/DefaultProjectDescriptorRegistry done
Event: 4.427 loading class org/gradle/api/invocation/Gradle
Event: 4.427 loading class org/gradle/api/invocation/Gradle done
Event: 4.427 loading class org/gradle/api/invocation/Gradle
Event: 4.427 loading class org/gradle/api/invocation/Gradle done
Event: 4.427 loading class org/gradle/internal/operations/notify/BuildOperationNotificationBridge$2
Event: 4.427 loading class org/gradle/internal/operations/notify/BuildOperationNotificationBridge$2 done
Event: 4.427 loading class org/gradle/internal/event/BroadcastDispatch$ActionInvocationHandler
Event: 4.427 loading class org/gradle/internal/event/BroadcastDispatch$ActionInvocationHandler done
Event: 4.428 loading class org/gradle/configuration/InitialPassSettingScriptTarget
Event: 4.428 loading class org/gradle/configuration/InitialPassSettingScriptTarget done
Event: 4.428 loading class org/gradle/configuration/SettingScriptTarget
Event: 4.428 loading class org/gradle/configuration/SettingScriptTarget done
Event: 4.428 loading class org/gradle/initialization/SettingsScript
Event: 4.428 loading class org/gradle/initialization/SettingsScript done


Dynamic libraries:
0x00007ff74a3f0000 - 0x00007ff74a3fa000 	D:\AS\jre\bin\java.exe
0x00007ffb56d50000 - 0x00007ffb56f48000 	C:\WINDOWS\SYSTEM32\ntdll.dll
0x00007ffb54fb0000 - 0x00007ffb5506d000 	C:\WINDOWS\System32\KERNEL32.DLL
0x00007ffb54460000 - 0x00007ffb54732000 	C:\WINDOWS\System32\KERNELBASE.dll
0x00007ffb51c70000 - 0x00007ffb51d01000 	C:\WINDOWS\SYSTEM32\apphelp.dll
0x00007ffb54ad0000 - 0x00007ffb54bd0000 	C:\WINDOWS\System32\ucrtbase.dll
0x00007ffb34500000 - 0x00007ffb34519000 	D:\AS\jre\bin\jli.dll
0x00007ffb37600000 - 0x00007ffb37617000 	D:\AS\jre\bin\VCRUNTIME140.dll
0x00007ffb55d80000 - 0x00007ffb55f1d000 	C:\WINDOWS\System32\USER32.dll
0x00007ffb54c20000 - 0x00007ffb54c42000 	C:\WINDOWS\System32\win32u.dll
0x00007ffb43d90000 - 0x00007ffb4402a000 	C:\WINDOWS\WinSxS\amd64_microsoft.windows.common-controls_6595b64144ccf1df_6.0.19041.1110_none_60b5254171f9507e\COMCTL32.dll
0x00007ffb559d0000 - 0x00007ffb559fb000 	C:\WINDOWS\System32\GDI32.dll
0x00007ffb56000000 - 0x00007ffb5609e000 	C:\WINDOWS\System32\msvcrt.dll
0x00007ffb54800000 - 0x00007ffb5490f000 	C:\WINDOWS\System32\gdi32full.dll
0x00007ffb54910000 - 0x00007ffb549ad000 	C:\WINDOWS\System32\msvcp_win.dll
0x00007ffb55510000 - 0x00007ffb55540000 	C:\WINDOWS\System32\IMM32.DLL
0x00007ffb2d630000 - 0x00007ffb2d6cd000 	D:\AS\jre\bin\msvcp140.dll
0x00007ffaeb9d0000 - 0x00007ffaec4d2000 	D:\AS\jre\bin\server\jvm.dll
0x00007ffb56510000 - 0x00007ffb565be000 	C:\WINDOWS\System32\ADVAPI32.dll
0x00007ffb55c60000 - 0x00007ffb55cfc000 	C:\WINDOWS\System32\sechost.dll
0x00007ffb54db0000 - 0x00007ffb54ed5000 	C:\WINDOWS\System32\RPCRT4.dll
0x00007ffb54fa0000 - 0x00007ffb54fa8000 	C:\WINDOWS\System32\PSAPI.DLL
0x00007ffb50000000 - 0x00007ffb50009000 	C:\WINDOWS\SYSTEM32\WSOCK32.dll
0x00007ffb55150000 - 0x00007ffb551bb000 	C:\WINDOWS\System32\WS2_32.dll
0x00007ffb4dfe0000 - 0x00007ffb4dfea000 	C:\WINDOWS\SYSTEM32\VERSION.dll
0x00007ffb4acc0000 - 0x00007ffb4ace7000 	C:\WINDOWS\SYSTEM32\WINMM.dll
0x00007ffb52340000 - 0x00007ffb52352000 	C:\WINDOWS\SYSTEM32\kernel.appcore.dll
0x00007ffb42270000 - 0x00007ffb42281000 	D:\AS\jre\bin\verify.dll
0x00007ffb484a0000 - 0x00007ffb48684000 	C:\WINDOWS\SYSTEM32\DBGHELP.DLL
0x00007ffb41440000 - 0x00007ffb4146c000 	C:\WINDOWS\SYSTEM32\dbgcore.DLL
0x00007ffb54770000 - 0x00007ffb547f2000 	C:\WINDOWS\System32\bcryptPrimitives.dll
0x00007ffb3d710000 - 0x00007ffb3d739000 	D:\AS\jre\bin\java.dll
0x00007ffb41da0000 - 0x00007ffb41dab000 	D:\AS\jre\bin\jimage.dll
0x00007ffb3d580000 - 0x00007ffb3d598000 	D:\AS\jre\bin\zip.dll
0x00007ffb565c0000 - 0x00007ffb56d03000 	C:\WINDOWS\System32\SHELL32.dll
0x00007ffb52540000 - 0x00007ffb52cd1000 	C:\WINDOWS\SYSTEM32\windows.storage.dll
0x00007ffb55540000 - 0x00007ffb55894000 	C:\WINDOWS\System32\combase.dll
0x00007ffb53ec0000 - 0x00007ffb53ef0000 	C:\WINDOWS\SYSTEM32\Wldp.dll
0x00007ffb54ef0000 - 0x00007ffb54f9d000 	C:\WINDOWS\System32\SHCORE.dll
0x00007ffb550f0000 - 0x00007ffb55145000 	C:\WINDOWS\System32\shlwapi.dll
0x00007ffb543a0000 - 0x00007ffb543bf000 	C:\WINDOWS\SYSTEM32\profapi.dll
0x00007ffb3a500000 - 0x00007ffb3a51a000 	D:\AS\jre\bin\net.dll
0x00007ffb4f590000 - 0x00007ffb4f69d000 	C:\WINDOWS\SYSTEM32\WINHTTP.dll
0x00007ffb53c20000 - 0x00007ffb53c8a000 	C:\WINDOWS\system32\mswsock.dll
0x00007ffb39870000 - 0x00007ffb39884000 	D:\AS\jre\bin\nio.dll
0x00007ffb33790000 - 0x00007ffb337b7000 	C:\Users\masha\.gradle\native\e1d6ef7f7dcc3fd88c89a11ec53ec762bb8ba0a96d01ffa2cd45eb1d1d8dd5c5\windows-amd64\native-platform.dll
0x00007ffb2c420000 - 0x00007ffb2c564000 	C:\Users\masha\.gradle\native\5664cfc778a61ccfe75a443a1ab52a65af34e5dc3c78e0209fed803814484fcb\windows-amd64\native-platform-file-events.dll
0x00007ffb3d6a0000 - 0x00007ffb3d6aa000 	D:\AS\jre\bin\management.dll
0x00007ffb3d570000 - 0x00007ffb3d57d000 	D:\AS\jre\bin\management_ext.dll
0x00007ffb53e10000 - 0x00007ffb53e28000 	C:\WINDOWS\SYSTEM32\CRYPTSP.dll
0x00007ffb534d0000 - 0x00007ffb53504000 	C:\WINDOWS\system32\rsaenh.dll
0x00007ffb54740000 - 0x00007ffb54767000 	C:\WINDOWS\System32\bcrypt.dll
0x00007ffb54320000 - 0x00007ffb5434e000 	C:\WINDOWS\SYSTEM32\USERENV.dll
0x00007ffb53e30000 - 0x00007ffb53e3c000 	C:\WINDOWS\SYSTEM32\CRYPTBASE.dll
0x00007ffb538c0000 - 0x00007ffb538fb000 	C:\WINDOWS\SYSTEM32\IPHLPAPI.DLL
0x00007ffb54ee0000 - 0x00007ffb54ee8000 	C:\WINDOWS\System32\NSI.dll
0x00007ffb4edf0000 - 0x00007ffb4ee07000 	C:\WINDOWS\SYSTEM32\dhcpcsvc6.DLL
0x00007ffb4ec40000 - 0x00007ffb4ec5d000 	C:\WINDOWS\SYSTEM32\dhcpcsvc.DLL
0x00007ffb53910000 - 0x00007ffb539da000 	C:\WINDOWS\SYSTEM32\DNSAPI.dll

dbghelp: loaded successfully - version: 4.0.5 - missing functions: none
symbol engine: initialized successfully - sym options: 0x614 - pdb path: .;D:\AS\jre\bin;C:\WINDOWS\SYSTEM32;C:\WINDOWS\WinSxS\amd64_microsoft.windows.common-controls_6595b64144ccf1df_6.0.19041.1110_none_60b5254171f9507e;D:\AS\jre\bin\server;C:\Users\masha\.gradle\native\e1d6ef7f7dcc3fd88c89a11ec53ec762bb8ba0a96d01ffa2cd45eb1d1d8dd5c5\windows-amd64;C:\Users\masha\.gradle\native\5664cfc778a61ccfe75a443a1ab52a65af34e5dc3c78e0209fed803814484fcb\windows-amd64

VM Arguments:
jvm_args: --add-opens=java.base/java.util=ALL-UNNAMED --add-opens=java.base/java.lang=ALL-UNNAMED --add-opens=java.base/java.lang.invoke=ALL-UNNAMED --add-opens=java.base/java.util=ALL-UNNAMED --add-opens=java.prefs/java.util.prefs=ALL-UNNAMED --add-opens=java.prefs/java.util.prefs=ALL-UNNAMED --add-opens=java.base/java.nio.charset=ALL-UNNAMED --add-opens=java.base/java.net=ALL-UNNAMED --add-opens=java.base/java.util.concurrent.atomic=ALL-UNNAMED -Xmx2048m -Dfile.encoding=UTF-8 -Duser.country=RU -Duser.language=ru -Duser.variant 
java_command: org.gradle.launcher.daemon.bootstrap.GradleDaemon 7.3.3
java_class_path (initial): C:\Users\masha\.gradle\wrapper\dists\gradle-7.3.3-bin\6a41zxkdtcxs8rphpq6y0069z\gradle-7.3.3\lib\gradle-launcher-7.3.3.jar
Launcher Type: SUN_STANDARD

[Global flags]
     intx CICompilerCount                          = 4                                         {product} {ergonomic}
     uint ConcGCThreads                            = 3                                         {product} {ergonomic}
     uint G1ConcRefinementThreads                  = 10                                        {product} {ergonomic}
   size_t G1HeapRegionSize                         = 1048576                                   {product} {ergonomic}
    uintx GCDrainStackTargetSize                   = 64                                        {product} {ergonomic}
   size_t InitialHeapSize                          = 268435456                                 {product} {ergonomic}
   size_t MarkStackSize                            = 4194304                                   {product} {ergonomic}
   size_t MaxHeapSize                              = 2147483648                                {product} {command line}
   size_t MaxNewSize                               = 1287651328                                {product} {ergonomic}
   size_t MinHeapDeltaBytes                        = 1048576                                   {product} {ergonomic}
    uintx NonNMethodCodeHeapSize                   = 5836300                                {pd product} {ergonomic}
    uintx NonProfiledCodeHeapSize                  = 122910970                              {pd product} {ergonomic}
    uintx ProfiledCodeHeapSize                     = 122910970                              {pd product} {ergonomic}
    uintx ReservedCodeCacheSize                    = 251658240                              {pd product} {ergonomic}
     bool SegmentedCodeCache                       = true                                      {product} {ergonomic}
     bool UseCompressedClassPointers               = true                                 {lp64_product} {ergonomic}
     bool UseCompressedOops                        = true                                 {lp64_product} {ergonomic}
     bool UseG1GC                                  = true                                      {product} {ergonomic}
     bool UseLargePagesIndividualAllocation        = false                                  {pd product} {ergonomic}

Logging:
Log output configuration:
 #0: stdout all=warning uptime,level,tags
 #1: stderr all=off uptime,level,tags

Environment Variables:
PATH=C:\WINDOWS\system32;C:\WINDOWS;C:\WINDOWS\System32\Wbem;C:\WINDOWS\System32\WindowsPowerShell\v1.0\;C:\WINDOWS\System32\OpenSSH\;D:\Git\cmd;C:\Program Files (x86)\HP\Common\HPDestPlgIn\;C:\Program Files\Common Files\Autodesk Shared\;C:\Users\masha\AppData\Local\Microsoft\WindowsApps;;D:\Microsoft VS Code\bin;C:\Program Files (x86)\HP\Common\HPDestPlgIn\
USERNAME=masha
OS=Windows_NT
PROCESSOR_IDENTIFIER=AMD64 Family 23 Model 8 Stepping 2, AuthenticAMD



---------------  S Y S T E M  ---------------

OS: Windows 10 , 64 bit Build 19041 (10.0.19041.1889)
OS uptime: 1 days 5:24 hours

CPU:total 12 (initial active 12) (12 cores per cpu, 2 threads per core) family 23 model 8 stepping 2 microcode 0x0, cmov, cx8, fxsr, mmx, sse, sse2, sse3, ssse3, sse4.1, sse4.2, popcnt, avx, avx2, aes, clmul, mmxext, 3dnowpref, lzcnt, sse4a, ht, tsc, tscinvbit, tscinv, bmi1, bmi2, adx, sha, fma

Memory: 4k page, system-wide physical 16332M (2997M free)
TotalPageFile size 24346M (AvailPageFile size 2989M)
current process WorkingSet (physical memory assigned to process): 365M, peak: 367M
current process commit charge ("private bytes"): 483M, peak: 485M

vm_info: OpenJDK 64-Bit Server VM (11.0.13+0-b1751.21-8125866) for windows-amd64 JRE (11.0.13+0-b1751.21-8125866), built on Feb  2 2022 03:00:22 by "builder" with MS VC++ 14.0 (VS2015)

END.
